2020-11-03 09:33:58 INFO  NumberSystemsConverter:30 - convertIntToBin method
2020-11-03 09:33:58 INFO  BitwiseCalculator:17 - and method
2020-11-03 09:33:58 INFO  SimpleCalculator:28 - divison method
2020-11-03 09:33:58 INFO  BitwiseCalculator:21 - or method
2020-11-03 09:33:58 INFO  NumberSystemsConverter:11 - convertIntToHex method
2020-11-03 09:33:58 INFO  SimpleCalculator:28 - divison method
2020-11-03 09:33:58 INFO  NumberSystemsConverter:11 - convertIntToHex method
2020-11-03 09:33:58 INFO  BitwiseCalculator:9 - shiftLeft method
2020-11-03 09:33:58 INFO  BitwiseCalculator:9 - shiftLeft method
2020-11-03 09:33:58 INFO  NumberSystemsConverter:11 - convertIntToHex method
2020-11-03 09:33:58 INFO  SimpleCalculator:28 - divison method
2020-11-03 09:33:58 INFO  RandomNumbersGenerator:15 - randDouble method
2020-11-03 09:33:58 INFO  SimpleCalculator:28 - divison method
2020-11-03 09:33:58 INFO  RandomNumbersGenerator:11 - randInt method
2020-11-03 09:33:58 INFO  BitwiseCalculator:13 - shiftRight method
2020-11-03 09:33:58 INFO  SimpleCalculator:28 - divison method
2020-11-03 09:33:58 INFO  ScientificCalculator:21 - ln method
2020-11-03 09:33:58 INFO  BitwiseCalculator:25 - xor method
2020-11-03 09:33:58 INFO  SimpleCalculator:38 - equalIntegers method
2020-11-03 09:33:58 INFO  SimpleCalculator:22 - multiplication method
2020-11-03 09:33:58 INFO  ScientificCalculator:21 - ln method
2020-11-03 09:33:58 INFO  SimpleCalculator:16 - subtraction method
2020-11-03 09:33:58 INFO  CombinatoryCalculator:15 - simplePermutataion method
2020-11-03 09:33:58 INFO  ScientificCalculator:25 - log method
2020-11-03 09:33:58 INFO  SimpleCalculator:10 - sum method
2020-11-03 09:33:58 INFO  ScientificCalculator:25 - log method
2020-11-03 09:33:58 INFO  ComplexCalculator:11 - add method
2020-11-03 09:33:58 INFO  ComplexCalculator:38 - divide method
2020-11-03 09:33:58 INFO  Time:24 - setSeconds method
2020-11-03 09:33:58 INFO  Time:77 - getAllHours method
2020-11-03 09:33:58 INFO  ScientificCalculator:17 - modulo method
2020-11-03 09:33:58 INFO  ScientificCalculator:13 - power method
2020-11-03 09:33:58 INFO  ScientificCalculator:9 - root method
2020-11-03 09:33:58 INFO  Time:24 - setSeconds method
2020-11-03 09:33:58 INFO  Time:73 - getAllMinutes method
2020-11-03 09:33:58 INFO  ComplexCalculator:64 - equals method
2020-11-03 09:33:58 INFO  ComplexCalculator:64 - equals method
2020-11-03 09:33:58 INFO  ComplexCalculator:64 - equals method
2020-11-03 09:33:58 INFO  ComplexCalculator:64 - equals method
2020-11-03 09:33:58 INFO  ComplexCalculator:25 - multiply method
2020-11-03 09:33:58 INFO  ComplexCalculator:18 - subtract method
2020-11-03 09:33:58 INFO  Time:24 - setSeconds method
2020-11-03 09:33:58 INFO  Time:69 - getAllSeconds method
2020-11-03 09:33:58 INFO  Time:24 - setSeconds method
2020-11-03 09:33:58 INFO  Time:49 - setHours method
2020-11-03 09:33:58 INFO  Time:57 - getSeconds method
2020-11-03 09:33:58 INFO  Time:57 - getSeconds method
2020-11-03 09:33:58 INFO  Time:61 - getMinutes method
2020-11-03 09:33:58 INFO  Time:61 - getMinutes method
2020-11-03 09:33:58 INFO  Time:65 - getHours method
2020-11-03 09:33:58 INFO  Time:65 - getHours method
2020-11-03 09:33:58 INFO  Time:24 - setSeconds method
2020-11-03 09:33:58 INFO  Time:37 - setMinutes method
2020-11-03 09:33:58 INFO  Time:57 - getSeconds method
2020-11-03 09:33:58 INFO  Time:57 - getSeconds method
2020-11-03 09:33:58 INFO  Time:61 - getMinutes method
2020-11-03 09:33:58 INFO  Time:61 - getMinutes method
2020-11-03 09:33:58 INFO  Time:65 - getHours method
2020-11-03 09:33:58 INFO  Time:65 - getHours method
2020-11-03 09:33:58 INFO  Time:37 - setMinutes method
2020-11-03 09:33:58 INFO  Time:24 - setSeconds method
2020-11-03 09:33:58 INFO  Time:24 - setSeconds method
2020-11-03 09:33:58 INFO  Time:24 - setSeconds method
2020-11-03 09:33:58 INFO  Time:24 - setSeconds method
2020-11-03 09:33:58 INFO  Time:57 - getSeconds method
2020-11-03 09:33:58 INFO  Time:57 - getSeconds method
2020-11-03 09:33:58 INFO  Time:61 - getMinutes method
2020-11-03 09:33:58 INFO  Time:61 - getMinutes method
2020-11-03 09:33:58 INFO  Time:65 - getHours method
2020-11-03 09:33:58 INFO  Time:65 - getHours method
2020-11-03 09:33:58 INFO  Time:24 - setSeconds method
2020-11-03 09:33:58 INFO  Time:57 - getSeconds method
2020-11-03 09:33:58 INFO  Time:57 - getSeconds method
2020-11-03 09:33:58 INFO  Time:61 - getMinutes method
2020-11-03 09:33:58 INFO  Time:61 - getMinutes method
2020-11-03 09:33:58 INFO  Time:65 - getHours method
2020-11-03 09:33:58 INFO  Time:65 - getHours method
2020-11-03 09:33:58 INFO  Time:24 - setSeconds method
2020-11-03 09:33:58 INFO  Time:57 - getSeconds method
2020-11-03 09:33:58 INFO  Time:57 - getSeconds method
2020-11-03 09:33:58 INFO  Time:61 - getMinutes method
2020-11-03 09:33:58 INFO  Time:61 - getMinutes method
2020-11-03 09:33:58 INFO  Time:65 - getHours method
2020-11-03 09:33:58 INFO  Time:65 - getHours method
2020-11-03 09:33:58 INFO  Time:24 - setSeconds method
2020-11-03 09:33:58 INFO  Time:24 - setSeconds method
2020-11-03 09:33:58 INFO  Time:24 - setSeconds method
2020-11-03 09:33:58 INFO  Time:24 - setSeconds method
2020-11-03 09:33:58 INFO  Time:24 - setSeconds method
2020-11-03 09:33:58 INFO  Time:24 - setSeconds method
2020-11-03 09:33:58 INFO  Time:24 - setSeconds method
2020-11-03 09:33:58 INFO  Time:24 - setSeconds method
2020-11-03 09:33:58 INFO  Time:24 - setSeconds method
2020-11-03 09:33:58 INFO  TimeCalculator:14 - difference method
2020-11-03 09:33:58 INFO  Time:69 - getAllSeconds method
2020-11-03 09:33:58 INFO  Time:69 - getAllSeconds method
2020-11-03 09:33:58 INFO  Time:24 - setSeconds method
2020-11-03 09:33:58 INFO  Time:57 - getSeconds method
2020-11-03 09:33:58 INFO  Time:57 - getSeconds method
2020-11-03 09:33:58 INFO  Time:61 - getMinutes method
2020-11-03 09:33:58 INFO  Time:61 - getMinutes method
2020-11-03 09:33:58 INFO  Time:65 - getHours method
2020-11-03 09:33:58 INFO  Time:65 - getHours method
2020-11-03 09:33:58 INFO  TimeCalculator:14 - difference method
2020-11-03 09:33:58 INFO  Time:69 - getAllSeconds method
2020-11-03 09:33:58 INFO  Time:69 - getAllSeconds method
2020-11-03 09:33:58 INFO  Time:24 - setSeconds method
2020-11-03 09:33:58 INFO  Time:57 - getSeconds method
2020-11-03 09:33:58 INFO  Time:57 - getSeconds method
2020-11-03 09:33:58 INFO  Time:61 - getMinutes method
2020-11-03 09:33:58 INFO  Time:61 - getMinutes method
2020-11-03 09:33:58 INFO  Time:65 - getHours method
2020-11-03 09:33:58 INFO  Time:65 - getHours method
2020-11-03 09:33:58 INFO  TimeCalculator:14 - difference method
2020-11-03 09:33:58 INFO  Time:69 - getAllSeconds method
2020-11-03 09:33:58 INFO  Time:69 - getAllSeconds method
2020-11-03 09:33:58 INFO  Time:24 - setSeconds method
2020-11-03 09:33:58 INFO  Time:57 - getSeconds method
2020-11-03 09:33:58 INFO  Time:57 - getSeconds method
2020-11-03 09:33:58 INFO  Time:61 - getMinutes method
2020-11-03 09:33:58 INFO  Time:61 - getMinutes method
2020-11-03 09:33:58 INFO  Time:65 - getHours method
2020-11-03 09:33:58 INFO  Time:65 - getHours method
2020-11-03 09:33:58 INFO  Time:24 - setSeconds method
2020-11-03 09:33:58 INFO  Time:24 - setSeconds method
2020-11-03 09:33:58 INFO  Time:24 - setSeconds method
2020-11-03 09:33:58 INFO  Time:24 - setSeconds method
2020-11-03 09:33:58 INFO  Time:24 - setSeconds method
2020-11-03 09:33:58 INFO  Time:24 - setSeconds method
2020-11-03 09:33:58 INFO  TimeCalculator:21 - equal method
2020-11-03 09:33:58 INFO  Time:65 - getHours method
2020-11-03 09:33:58 INFO  Time:65 - getHours method
2020-11-03 09:33:58 INFO  Time:61 - getMinutes method
2020-11-03 09:33:58 INFO  Time:61 - getMinutes method
2020-11-03 09:33:58 INFO  Time:57 - getSeconds method
2020-11-03 09:33:58 INFO  Time:57 - getSeconds method
2020-11-03 09:33:58 INFO  TimeCalculator:21 - equal method
2020-11-03 09:33:58 INFO  Time:65 - getHours method
2020-11-03 09:33:58 INFO  Time:65 - getHours method
2020-11-03 09:33:58 INFO  Time:61 - getMinutes method
2020-11-03 09:33:58 INFO  Time:61 - getMinutes method
2020-11-03 09:33:58 INFO  Time:57 - getSeconds method
2020-11-03 09:33:58 INFO  Time:57 - getSeconds method
2020-11-03 09:33:58 INFO  TimeCalculator:21 - equal method
2020-11-03 09:33:58 INFO  Time:65 - getHours method
2020-11-03 09:33:58 INFO  Time:65 - getHours method
2020-11-03 09:33:58 INFO  Time:61 - getMinutes method
2020-11-03 09:33:58 INFO  Time:61 - getMinutes method
2020-11-03 09:33:58 INFO  Time:57 - getSeconds method
2020-11-03 09:33:58 INFO  Time:57 - getSeconds method
2020-11-03 09:33:58 INFO  Time:24 - setSeconds method
2020-11-03 09:33:58 INFO  Time:24 - setSeconds method
2020-11-03 09:33:58 INFO  Time:24 - setSeconds method
2020-11-03 09:33:58 INFO  Time:24 - setSeconds method
2020-11-03 09:33:58 INFO  Time:24 - setSeconds method
2020-11-03 09:33:58 INFO  Time:24 - setSeconds method
2020-11-03 09:33:58 INFO  Time:24 - setSeconds method
2020-11-03 09:33:58 INFO  Time:24 - setSeconds method
2020-11-03 09:33:58 INFO  Time:24 - setSeconds method
2020-11-03 09:33:58 INFO  TimeCalculator:9 - sum method
2020-11-03 09:33:58 INFO  Time:65 - getHours method
2020-11-03 09:33:58 INFO  Time:65 - getHours method
2020-11-03 09:33:58 INFO  Time:61 - getMinutes method
2020-11-03 09:33:58 INFO  Time:61 - getMinutes method
2020-11-03 09:33:58 INFO  Time:57 - getSeconds method
2020-11-03 09:33:58 INFO  Time:57 - getSeconds method
2020-11-03 09:33:58 INFO  Time:24 - setSeconds method
2020-11-03 09:33:58 INFO  Time:57 - getSeconds method
2020-11-03 09:33:58 INFO  Time:57 - getSeconds method
2020-11-03 09:33:58 INFO  Time:61 - getMinutes method
2020-11-03 09:33:58 INFO  Time:61 - getMinutes method
2020-11-03 09:33:58 INFO  Time:65 - getHours method
2020-11-03 09:33:58 INFO  Time:65 - getHours method
2020-11-03 09:33:58 INFO  TimeCalculator:9 - sum method
2020-11-03 09:33:58 INFO  Time:65 - getHours method
2020-11-03 09:33:58 INFO  Time:65 - getHours method
2020-11-03 09:33:58 INFO  Time:61 - getMinutes method
2020-11-03 09:33:58 INFO  Time:61 - getMinutes method
2020-11-03 09:33:58 INFO  Time:57 - getSeconds method
2020-11-03 09:33:58 INFO  Time:57 - getSeconds method
2020-11-03 09:33:58 INFO  Time:24 - setSeconds method
2020-11-03 09:33:58 INFO  Time:57 - getSeconds method
2020-11-03 09:33:58 INFO  Time:57 - getSeconds method
2020-11-03 09:33:58 INFO  Time:61 - getMinutes method
2020-11-03 09:33:58 INFO  Time:61 - getMinutes method
2020-11-03 09:33:58 INFO  Time:65 - getHours method
2020-11-03 09:33:58 INFO  Time:65 - getHours method
2020-11-03 09:33:58 INFO  TimeCalculator:9 - sum method
2020-11-03 09:33:58 INFO  Time:65 - getHours method
2020-11-03 09:33:58 INFO  Time:65 - getHours method
2020-11-03 09:33:58 INFO  Time:61 - getMinutes method
2020-11-03 09:33:58 INFO  Time:61 - getMinutes method
2020-11-03 09:33:58 INFO  Time:57 - getSeconds method
2020-11-03 09:33:58 INFO  Time:57 - getSeconds method
2020-11-03 09:33:58 INFO  Time:24 - setSeconds method
2020-11-03 09:33:58 INFO  Time:57 - getSeconds method
2020-11-03 09:33:58 INFO  Time:57 - getSeconds method
2020-11-03 09:33:58 INFO  Time:61 - getMinutes method
2020-11-03 09:33:58 INFO  Time:61 - getMinutes method
2020-11-03 09:33:58 INFO  Time:65 - getHours method
2020-11-03 09:33:58 INFO  Time:65 - getHours method
